{"/Users/mohkhan/Util/gip/react/src/models/ModelObject.js":{"path":"/Users/mohkhan/Util/gip/react/src/models/ModelObject.js","s":{"1":9,"2":9,"3":56,"4":55,"5":55,"6":55,"7":2,"8":53,"9":52,"10":52,"11":260,"12":260,"13":260,"14":260,"15":260,"16":112,"17":148,"18":52,"19":9},"b":{"1":[55,0],"2":[2,53],"3":[55,53],"4":[52,0],"5":[260,0],"6":[112,148],"7":[260,112]},"f":{"1":56},"fnMap":{"1":{"name":"getModelOfClassFromJSON","line":27,"loc":{"start":{"line":27,"column":29},"end":{"line":27,"column":75}}}},"statementMap":{"1":{"start":{"line":14,"column":0},"end":{"line":14,"column":40}},"2":{"start":{"line":19,"column":0},"end":{"line":66,"column":2}},"3":{"start":{"line":31,"column":8},"end":{"line":31,"column":60}},"4":{"start":{"line":34,"column":8},"end":{"line":34,"column":32}},"5":{"start":{"line":36,"column":8},"end":{"line":36,"column":33}},"6":{"start":{"line":39,"column":8},"end":{"line":41,"column":9}},"7":{"start":{"line":40,"column":12},"end":{"line":40,"column":26}},"8":{"start":{"line":43,"column":8},"end":{"line":43,"column":93}},"9":{"start":{"line":45,"column":8},"end":{"line":45,"column":83}},"10":{"start":{"line":47,"column":8},"end":{"line":62,"column":9}},"11":{"start":{"line":48,"column":12},"end":{"line":61,"column":13}},"12":{"start":{"line":50,"column":16},"end":{"line":50,"column":48}},"13":{"start":{"line":52,"column":16},"end":{"line":52,"column":62}},"14":{"start":{"line":53,"column":16},"end":{"line":53,"column":42}},"15":{"start":{"line":56,"column":16},"end":{"line":60,"column":17}},"16":{"start":{"line":57,"column":20},"end":{"line":57,"column":71}},"17":{"start":{"line":59,"column":20},"end":{"line":59,"column":43}},"18":{"start":{"line":64,"column":8},"end":{"line":64,"column":22}},"19":{"start":{"line":68,"column":0},"end":{"line":68,"column":29}}},"branchMap":{"1":{"line":34,"type":"binary-expr","locations":[{"start":{"line":34,"column":16},"end":{"line":34,"column":21}},{"start":{"line":34,"column":25},"end":{"line":34,"column":31}}]},"2":{"line":39,"type":"if","locations":[{"start":{"line":39,"column":8},"end":{"line":39,"column":8}},{"start":{"line":39,"column":8},"end":{"line":39,"column":8}}]},"3":{"line":39,"type":"binary-expr","locations":[{"start":{"line":39,"column":12},"end":{"line":39,"column":17}},{"start":{"line":39,"column":21},"end":{"line":39,"column":51}}]},"4":{"line":45,"type":"cond-expr","locations":[{"start":{"line":45,"column":54},"end":{"line":45,"column":77}},{"start":{"line":45,"column":80},"end":{"line":45,"column":82}}]},"5":{"line":48,"type":"if","locations":[{"start":{"line":48,"column":12},"end":{"line":48,"column":12}},{"start":{"line":48,"column":12},"end":{"line":48,"column":12}}]},"6":{"line":56,"type":"if","locations":[{"start":{"line":56,"column":16},"end":{"line":56,"column":16}},{"start":{"line":56,"column":16},"end":{"line":56,"column":16}}]},"7":{"line":56,"type":"binary-expr","locations":[{"start":{"line":56,"column":20},"end":{"line":56,"column":46}},{"start":{"line":56,"column":50},"end":{"line":56,"column":98}}]}}},"/Users/mohkhan/Util/gip/react/src/utils.js":{"path":"/Users/mohkhan/Util/gip/react/src/utils.js","s":{"1":9,"2":109,"3":109,"4":2,"5":2,"6":0,"7":28,"8":0,"9":28,"10":85,"11":85,"12":28,"13":9,"14":9},"b":{"1":[109,0],"2":[2,107],"3":[2,0],"4":[0,28],"5":[85,0],"6":[9,0],"7":[9,0]},"f":{"1":109,"2":0,"3":28,"4":9},"fnMap":{"1":{"name":"assert","line":14,"loc":{"start":{"line":14,"column":12},"end":{"line":14,"column":48}}},"2":{"name":"(anonymous_2)","line":15,"loc":{"start":{"line":15,"column":49},"end":{"line":15,"column":61}}},"3":{"name":"extend","line":27,"loc":{"start":{"line":27,"column":12},"end":{"line":27,"column":44}}},"4":{"name":"trimStr","line":41,"loc":{"start":{"line":41,"column":13},"end":{"line":41,"column":35}}}},"statementMap":{"1":{"start":{"line":13,"column":0},"end":{"line":45,"column":2}},"2":{"start":{"line":15,"column":8},"end":{"line":15,"column":64}},"3":{"start":{"line":17,"column":8},"end":{"line":25,"column":9}},"4":{"start":{"line":18,"column":12},"end":{"line":24,"column":13}},"5":{"start":{"line":20,"column":16},"end":{"line":20,"column":41}},"6":{"start":{"line":23,"column":16},"end":{"line":23,"column":47}},"7":{"start":{"line":29,"column":8},"end":{"line":31,"column":9}},"8":{"start":{"line":30,"column":12},"end":{"line":30,"column":25}},"9":{"start":{"line":33,"column":8},"end":{"line":37,"column":9}},"10":{"start":{"line":34,"column":12},"end":{"line":36,"column":13}},"11":{"start":{"line":35,"column":16},"end":{"line":35,"column":44}},"12":{"start":{"line":39,"column":8},"end":{"line":39,"column":21}},"13":{"start":{"line":42,"column":8},"end":{"line":42,"column":24}},"14":{"start":{"line":43,"column":8},"end":{"line":43,"column":106}}},"branchMap":{"1":{"line":15,"type":"cond-expr","locations":[{"start":{"line":15,"column":34},"end":{"line":15,"column":46}},{"start":{"line":15,"column":49},"end":{"line":15,"column":63}}]},"2":{"line":17,"type":"if","locations":[{"start":{"line":17,"column":8},"end":{"line":17,"column":8}},{"start":{"line":17,"column":8},"end":{"line":17,"column":8}}]},"3":{"line":18,"type":"if","locations":[{"start":{"line":18,"column":12},"end":{"line":18,"column":12}},{"start":{"line":18,"column":12},"end":{"line":18,"column":12}}]},"4":{"line":29,"type":"if","locations":[{"start":{"line":29,"column":8},"end":{"line":29,"column":8}},{"start":{"line":29,"column":8},"end":{"line":29,"column":8}}]},"5":{"line":34,"type":"if","locations":[{"start":{"line":34,"column":12},"end":{"line":34,"column":12}},{"start":{"line":34,"column":12},"end":{"line":34,"column":12}}]},"6":{"line":42,"type":"binary-expr","locations":[{"start":{"line":42,"column":14},"end":{"line":42,"column":17}},{"start":{"line":42,"column":21},"end":{"line":42,"column":23}}]},"7":{"line":43,"type":"cond-expr","locations":[{"start":{"line":43,"column":39},"end":{"line":43,"column":49}},{"start":{"line":43,"column":52},"end":{"line":43,"column":105}}]}}},"/Users/mohkhan/Util/gip/react/src/models/GitIssueComment.js":{"path":"/Users/mohkhan/Util/gip/react/src/models/GitIssueComment.js","s":{"1":1,"2":1,"3":1,"4":1,"5":1,"6":1,"7":4,"8":4,"9":4,"10":4,"11":1,"12":0,"13":1},"b":{},"f":{"1":4,"2":4,"3":4,"4":4,"5":4,"6":0},"fnMap":{"1":{"name":"GitIssueComment","line":24,"loc":{"start":{"line":24,"column":22},"end":{"line":24,"column":49}}},"2":{"name":"JSONKeyValueMap","line":34,"loc":{"start":{"line":34,"column":21},"end":{"line":34,"column":48}}},"3":{"name":"idTransformer","line":46,"loc":{"start":{"line":46,"column":19},"end":{"line":46,"column":52}}},"4":{"name":"userTransformer","line":51,"loc":{"start":{"line":51,"column":21},"end":{"line":51,"column":56}}},"5":{"name":"createdAtTransformer","line":56,"loc":{"start":{"line":56,"column":26},"end":{"line":56,"column":66}}},"6":{"name":"toString","line":65,"loc":{"start":{"line":65,"column":14},"end":{"line":65,"column":34}}}},"statementMap":{"1":{"start":{"line":14,"column":0},"end":{"line":14,"column":31}},"2":{"start":{"line":17,"column":0},"end":{"line":17,"column":32}},"3":{"start":{"line":18,"column":0},"end":{"line":18,"column":35}},"4":{"start":{"line":19,"column":0},"end":{"line":19,"column":43}},"5":{"start":{"line":24,"column":0},"end":{"line":24,"column":52}},"6":{"start":{"line":29,"column":0},"end":{"line":59,"column":3}},"7":{"start":{"line":35,"column":8},"end":{"line":40,"column":10}},"8":{"start":{"line":47,"column":8},"end":{"line":47,"column":34}},"9":{"start":{"line":52,"column":8},"end":{"line":52,"column":70}},"10":{"start":{"line":57,"column":8},"end":{"line":57,"column":56}},"11":{"start":{"line":64,"column":0},"end":{"line":73,"column":2}},"12":{"start":{"line":66,"column":8},"end":{"line":71,"column":20}},"13":{"start":{"line":75,"column":0},"end":{"line":75,"column":33}}},"branchMap":{}},"/Users/mohkhan/Util/gip/react/src/models/GitUser.js":{"path":"/Users/mohkhan/Util/gip/react/src/models/GitUser.js","s":{"1":9,"2":9,"3":9,"4":24,"5":9,"6":0,"7":9},"b":{},"f":{"1":24,"2":24,"3":0},"fnMap":{"1":{"name":"GitUser","line":19,"loc":{"start":{"line":19,"column":14},"end":{"line":19,"column":33}}},"2":{"name":"JSONKeyValueMap","line":29,"loc":{"start":{"line":29,"column":21},"end":{"line":29,"column":48}}},"3":{"name":"toString","line":42,"loc":{"start":{"line":42,"column":14},"end":{"line":42,"column":34}}}},"statementMap":{"1":{"start":{"line":14,"column":0},"end":{"line":14,"column":32}},"2":{"start":{"line":19,"column":0},"end":{"line":19,"column":36}},"3":{"start":{"line":24,"column":0},"end":{"line":36,"column":3}},"4":{"start":{"line":30,"column":8},"end":{"line":34,"column":10}},"5":{"start":{"line":41,"column":0},"end":{"line":49,"column":2}},"6":{"start":{"line":43,"column":8},"end":{"line":47,"column":20}},"7":{"start":{"line":51,"column":0},"end":{"line":51,"column":25}}},"branchMap":{}},"/Users/mohkhan/Util/gip/react/src/models/GitIssue.js":{"path":"/Users/mohkhan/Util/gip/react/src/models/GitIssue.js","s":{"1":9,"2":9,"3":9,"4":9,"5":9,"6":9,"7":9,"8":9,"9":9,"10":20,"11":20,"12":20,"13":20,"14":20,"15":4,"16":4,"17":20,"18":20,"19":20,"20":9,"21":0,"22":9,"23":0,"24":9,"25":0,"26":9,"27":9,"28":9,"29":198,"30":0,"31":0,"32":198,"33":9,"34":0,"35":9},"b":{"1":[4,16],"2":[20,20,20],"3":[20,0],"4":[0,9],"5":[0,9],"6":[207,198,198,198],"7":[0,198]},"f":{"1":20,"2":20,"3":20,"4":20,"5":20,"6":4,"7":20,"8":20,"9":0,"10":9,"11":0},"fnMap":{"1":{"name":"GitIssue","line":34,"loc":{"start":{"line":34,"column":15},"end":{"line":34,"column":35}}},"2":{"name":"JSONKeyValueMap","line":47,"loc":{"start":{"line":47,"column":21},"end":{"line":47,"column":48}}},"3":{"name":"numberTransformer","line":68,"loc":{"start":{"line":68,"column":23},"end":{"line":68,"column":60}}},"4":{"name":"userTransformer","line":73,"loc":{"start":{"line":73,"column":21},"end":{"line":73,"column":56}}},"5":{"name":"labelsTransformer","line":78,"loc":{"start":{"line":78,"column":23},"end":{"line":78,"column":60}}},"6":{"name":"(anonymous_6)","line":82,"loc":{"start":{"line":82,"column":34},"end":{"line":82,"column":58}}},"7":{"name":"stateTransformer","line":91,"loc":{"start":{"line":91,"column":22},"end":{"line":91,"column":58}}},"8":{"name":"createdAtTransformer","line":96,"loc":{"start":{"line":96,"column":26},"end":{"line":96,"column":66}}},"9":{"name":"toString","line":105,"loc":{"start":{"line":105,"column":14},"end":{"line":105,"column":34}}},"10":{"name":"getShortSummary","line":125,"loc":{"start":{"line":125,"column":21},"end":{"line":125,"column":48}}},"11":{"name":"formatCreatedAtDateAs","line":156,"loc":{"start":{"line":156,"column":27},"end":{"line":156,"column":66}}}},"statementMap":{"1":{"start":{"line":14,"column":0},"end":{"line":14,"column":31}},"2":{"start":{"line":17,"column":0},"end":{"line":17,"column":32}},"3":{"start":{"line":18,"column":0},"end":{"line":18,"column":35}},"4":{"start":{"line":19,"column":0},"end":{"line":19,"column":37}},"5":{"start":{"line":20,"column":0},"end":{"line":20,"column":43}},"6":{"start":{"line":23,"column":0},"end":{"line":23,"column":34}},"7":{"start":{"line":26,"column":0},"end":{"line":29,"column":2}},"8":{"start":{"line":34,"column":0},"end":{"line":34,"column":38}},"9":{"start":{"line":39,"column":0},"end":{"line":99,"column":3}},"10":{"start":{"line":48,"column":8},"end":{"line":57,"column":10}},"11":{"start":{"line":69,"column":8},"end":{"line":69,"column":34}},"12":{"start":{"line":74,"column":8},"end":{"line":74,"column":70}},"13":{"start":{"line":79,"column":8},"end":{"line":79,"column":24}},"14":{"start":{"line":80,"column":8},"end":{"line":85,"column":9}},"15":{"start":{"line":82,"column":12},"end":{"line":84,"column":15}},"16":{"start":{"line":83,"column":16},"end":{"line":83,"column":83}},"17":{"start":{"line":87,"column":8},"end":{"line":87,"column":22}},"18":{"start":{"line":92,"column":8},"end":{"line":92,"column":93}},"19":{"start":{"line":97,"column":8},"end":{"line":97,"column":56}},"20":{"start":{"line":104,"column":0},"end":{"line":159,"column":2}},"21":{"start":{"line":106,"column":8},"end":{"line":115,"column":20}},"22":{"start":{"line":127,"column":8},"end":{"line":129,"column":9}},"23":{"start":{"line":128,"column":12},"end":{"line":128,"column":22}},"24":{"start":{"line":131,"column":8},"end":{"line":148,"column":9}},"25":{"start":{"line":132,"column":12},"end":{"line":132,"column":32}},"26":{"start":{"line":134,"column":12},"end":{"line":134,"column":52}},"27":{"start":{"line":135,"column":12},"end":{"line":135,"column":50}},"28":{"start":{"line":136,"column":12},"end":{"line":145,"column":13}},"29":{"start":{"line":138,"column":16},"end":{"line":142,"column":17}},"30":{"start":{"line":140,"column":20},"end":{"line":140,"column":56}},"31":{"start":{"line":141,"column":20},"end":{"line":141,"column":26}},"32":{"start":{"line":144,"column":16},"end":{"line":144,"column":50}},"33":{"start":{"line":147,"column":12},"end":{"line":147,"column":53}},"34":{"start":{"line":157,"column":8},"end":{"line":157,"column":45}},"35":{"start":{"line":161,"column":0},"end":{"line":161,"column":26}}},"branchMap":{"1":{"line":80,"type":"if","locations":[{"start":{"line":80,"column":8},"end":{"line":80,"column":8}},{"start":{"line":80,"column":8},"end":{"line":80,"column":8}}]},"2":{"line":80,"type":"binary-expr","locations":[{"start":{"line":80,"column":12},"end":{"line":80,"column":20}},{"start":{"line":80,"column":24},"end":{"line":80,"column":49}},{"start":{"line":80,"column":53},"end":{"line":80,"column":72}}]},"3":{"line":92,"type":"cond-expr","locations":[{"start":{"line":92,"column":37},"end":{"line":92,"column":62}},{"start":{"line":92,"column":65},"end":{"line":92,"column":92}}]},"4":{"line":127,"type":"if","locations":[{"start":{"line":127,"column":8},"end":{"line":127,"column":8}},{"start":{"line":127,"column":8},"end":{"line":127,"column":8}}]},"5":{"line":131,"type":"if","locations":[{"start":{"line":131,"column":8},"end":{"line":131,"column":8}},{"start":{"line":131,"column":8},"end":{"line":131,"column":8}}]},"6":{"line":136,"type":"binary-expr","locations":[{"start":{"line":136,"column":21},"end":{"line":136,"column":31}},{"start":{"line":136,"column":35},"end":{"line":136,"column":46}},{"start":{"line":136,"column":50},"end":{"line":136,"column":61}},{"start":{"line":136,"column":65},"end":{"line":136,"column":76}}]},"7":{"line":138,"type":"if","locations":[{"start":{"line":138,"column":16},"end":{"line":138,"column":16}},{"start":{"line":138,"column":16},"end":{"line":138,"column":16}}]}}},"/Users/mohkhan/Util/gip/react/src/models/GitLabel.js":{"path":"/Users/mohkhan/Util/gip/react/src/models/GitLabel.js","s":{"1":9,"2":9,"3":9,"4":4,"5":9,"6":0,"7":9},"b":{},"f":{"1":4,"2":4,"3":0},"fnMap":{"1":{"name":"GitLabel","line":19,"loc":{"start":{"line":19,"column":15},"end":{"line":19,"column":35}}},"2":{"name":"JSONKeyValueMap","line":29,"loc":{"start":{"line":29,"column":21},"end":{"line":29,"column":48}}},"3":{"name":"toString","line":42,"loc":{"start":{"line":42,"column":14},"end":{"line":42,"column":34}}}},"statementMap":{"1":{"start":{"line":14,"column":0},"end":{"line":14,"column":32}},"2":{"start":{"line":19,"column":0},"end":{"line":19,"column":38}},"3":{"start":{"line":24,"column":0},"end":{"line":36,"column":3}},"4":{"start":{"line":30,"column":8},"end":{"line":34,"column":10}},"5":{"start":{"line":41,"column":0},"end":{"line":49,"column":2}},"6":{"start":{"line":43,"column":8},"end":{"line":47,"column":20}},"7":{"start":{"line":51,"column":0},"end":{"line":51,"column":26}}},"branchMap":{}},"/Users/mohkhan/Util/gip/react/src/components/CommentCell.js":{"path":"/Users/mohkhan/Util/gip/react/src/components/CommentCell.js","s":{"1":8,"2":8,"3":8,"4":8,"5":4,"6":0,"7":4,"8":4,"9":4,"10":4,"11":8},"b":{"1":[0,4]},"f":{"1":4,"2":4},"fnMap":{"1":{"name":"_convertUserNamesIntoGitHubLinks","line":40,"loc":{"start":{"line":40,"column":38},"end":{"line":40,"column":85}}},"2":{"name":"render","line":49,"loc":{"start":{"line":49,"column":12},"end":{"line":49,"column":30}}}},"statementMap":{"1":{"start":{"line":14,"column":0},"end":{"line":14,"column":29}},"2":{"start":{"line":17,"column":0},"end":{"line":17,"column":37}},"3":{"start":{"line":18,"column":0},"end":{"line":18,"column":40}},"4":{"start":{"line":23,"column":0},"end":{"line":101,"column":3}},"5":{"start":{"line":41,"column":8},"end":{"line":43,"column":9}},"6":{"start":{"line":42,"column":12},"end":{"line":42,"column":22}},"7":{"start":{"line":45,"column":8},"end":{"line":45,"column":89}},"8":{"start":{"line":46,"column":8},"end":{"line":46,"column":19}},"9":{"start":{"line":50,"column":8},"end":{"line":50,"column":24}},"10":{"start":{"line":52,"column":8},"end":{"line":99,"column":10}},"11":{"start":{"line":103,"column":0},"end":{"line":103,"column":29}}},"branchMap":{"1":{"line":41,"type":"if","locations":[{"start":{"line":41,"column":8},"end":{"line":41,"column":8}},{"start":{"line":41,"column":8},"end":{"line":41,"column":8}}]}}},"/Users/mohkhan/Util/gip/react/src/components/HtmlNode.js":{"path":"/Users/mohkhan/Util/gip/react/src/components/HtmlNode.js","s":{"1":14,"2":14,"3":14,"4":15,"5":15,"6":15,"7":14},"b":{},"f":{"1":15},"fnMap":{"1":{"name":"render","line":37,"loc":{"start":{"line":37,"column":12},"end":{"line":37,"column":30}}}},"statementMap":{"1":{"start":{"line":14,"column":0},"end":{"line":14,"column":29}},"2":{"start":{"line":15,"column":0},"end":{"line":15,"column":31}},"3":{"start":{"line":22,"column":0},"end":{"line":54,"column":3}},"4":{"start":{"line":38,"column":8},"end":{"line":38,"column":24}},"5":{"start":{"line":39,"column":8},"end":{"line":39,"column":35}},"6":{"start":{"line":41,"column":8},"end":{"line":52,"column":17}},"7":{"start":{"line":56,"column":0},"end":{"line":56,"column":26}}},"branchMap":{}},"/Users/mohkhan/Util/gip/react/src/constants.js":{"path":"/Users/mohkhan/Util/gip/react/src/constants.js","s":{"1":13},"b":{},"f":{},"fnMap":{},"statementMap":{"1":{"start":{"line":13,"column":0},"end":{"line":16,"column":2}}},"branchMap":{}},"/Users/mohkhan/Util/gip/react/src/components/IssueComments.js":{"path":"/Users/mohkhan/Util/gip/react/src/components/IssueComments.js","s":{"1":6,"2":6,"3":6,"4":6,"5":6,"6":6,"7":6,"8":6,"9":3,"10":5,"11":5,"12":5,"13":5,"14":2,"15":2,"16":1,"17":1,"18":1,"19":0,"20":0,"21":1,"22":1,"23":2,"24":3,"25":3,"26":2,"27":2,"28":2,"29":0,"30":0,"31":0,"32":5,"33":5,"34":5,"35":5,"36":5,"37":3,"38":5,"39":2,"40":5,"41":2,"42":5,"43":6},"b":{"1":[1,1],"2":[0,1],"3":[1,1],"4":[3,0],"5":[2,0],"6":[0,0],"7":[3,2],"8":[2,3],"9":[2,3]},"f":{"1":3,"2":5,"3":2,"4":3,"5":2,"6":0,"7":5},"fnMap":{"1":{"name":"getInitialState","line":36,"loc":{"start":{"line":36,"column":21},"end":{"line":36,"column":48}}},"2":{"name":"_fetchComments","line":50,"loc":{"start":{"line":50,"column":20},"end":{"line":50,"column":57}}},"3":{"name":"(anonymous_3)","line":55,"loc":{"start":{"line":55,"column":54},"end":{"line":55,"column":81}}},"4":{"name":"componentWillMount","line":78,"loc":{"start":{"line":78,"column":24},"end":{"line":78,"column":54}}},"5":{"name":"componentWillReceiveProps","line":84,"loc":{"start":{"line":84,"column":31},"end":{"line":84,"column":77}}},"6":{"name":"onRetryClicked","line":90,"loc":{"start":{"line":90,"column":20},"end":{"line":90,"column":51}}},"7":{"name":"render","line":101,"loc":{"start":{"line":101,"column":12},"end":{"line":101,"column":30}}}},"statementMap":{"1":{"start":{"line":14,"column":0},"end":{"line":14,"column":29}},"2":{"start":{"line":15,"column":0},"end":{"line":15,"column":43}},"3":{"start":{"line":18,"column":0},"end":{"line":18,"column":55}},"4":{"start":{"line":19,"column":0},"end":{"line":19,"column":28}},"5":{"start":{"line":20,"column":0},"end":{"line":20,"column":40}},"6":{"start":{"line":21,"column":0},"end":{"line":21,"column":47}},"7":{"start":{"line":22,"column":0},"end":{"line":22,"column":53}},"8":{"start":{"line":27,"column":0},"end":{"line":132,"column":3}},"9":{"start":{"line":37,"column":8},"end":{"line":41,"column":10}},"10":{"start":{"line":51,"column":8},"end":{"line":51,"column":24}},"11":{"start":{"line":52,"column":8},"end":{"line":52,"column":31}},"12":{"start":{"line":53,"column":8},"end":{"line":53,"column":29}},"13":{"start":{"line":55,"column":8},"end":{"line":72,"column":11}},"14":{"start":{"line":57,"column":12},"end":{"line":57,"column":34}},"15":{"start":{"line":59,"column":12},"end":{"line":68,"column":13}},"16":{"start":{"line":60,"column":16},"end":{"line":60,"column":44}},"17":{"start":{"line":61,"column":16},"end":{"line":61,"column":36}},"18":{"start":{"line":62,"column":19},"end":{"line":68,"column":13}},"19":{"start":{"line":63,"column":16},"end":{"line":63,"column":55}},"20":{"start":{"line":64,"column":16},"end":{"line":64,"column":36}},"21":{"start":{"line":66,"column":16},"end":{"line":66,"column":35}},"22":{"start":{"line":67,"column":16},"end":{"line":67,"column":42}},"23":{"start":{"line":71,"column":12},"end":{"line":71,"column":33}},"24":{"start":{"line":79,"column":8},"end":{"line":81,"column":9}},"25":{"start":{"line":80,"column":12},"end":{"line":80,"column":56}},"26":{"start":{"line":85,"column":8},"end":{"line":85,"column":24}},"27":{"start":{"line":86,"column":8},"end":{"line":88,"column":9}},"28":{"start":{"line":87,"column":12},"end":{"line":87,"column":55}},"29":{"start":{"line":91,"column":8},"end":{"line":93,"column":9}},"30":{"start":{"line":92,"column":12},"end":{"line":92,"column":56}},"31":{"start":{"line":95,"column":8},"end":{"line":95,"column":31}},"32":{"start":{"line":103,"column":8},"end":{"line":103,"column":24}},"33":{"start":{"line":104,"column":8},"end":{"line":104,"column":28}},"34":{"start":{"line":105,"column":8},"end":{"line":105,"column":26}},"35":{"start":{"line":106,"column":8},"end":{"line":106,"column":36}},"36":{"start":{"line":108,"column":8},"end":{"line":110,"column":9}},"37":{"start":{"line":109,"column":12},"end":{"line":109,"column":86}},"38":{"start":{"line":112,"column":8},"end":{"line":114,"column":9}},"39":{"start":{"line":113,"column":12},"end":{"line":113,"column":130}},"40":{"start":{"line":116,"column":8},"end":{"line":118,"column":9}},"41":{"start":{"line":117,"column":12},"end":{"line":117,"column":103}},"42":{"start":{"line":120,"column":8},"end":{"line":130,"column":10}},"43":{"start":{"line":134,"column":0},"end":{"line":134,"column":31}}},"branchMap":{"1":{"line":59,"type":"if","locations":[{"start":{"line":59,"column":12},"end":{"line":59,"column":12}},{"start":{"line":59,"column":12},"end":{"line":59,"column":12}}]},"2":{"line":62,"type":"if","locations":[{"start":{"line":62,"column":19},"end":{"line":62,"column":19}},{"start":{"line":62,"column":19},"end":{"line":62,"column":19}}]},"3":{"line":62,"type":"binary-expr","locations":[{"start":{"line":62,"column":23},"end":{"line":62,"column":32}},{"start":{"line":62,"column":36},"end":{"line":62,"column":57}}]},"4":{"line":79,"type":"if","locations":[{"start":{"line":79,"column":8},"end":{"line":79,"column":8}},{"start":{"line":79,"column":8},"end":{"line":79,"column":8}}]},"5":{"line":86,"type":"if","locations":[{"start":{"line":86,"column":8},"end":{"line":86,"column":8}},{"start":{"line":86,"column":8},"end":{"line":86,"column":8}}]},"6":{"line":91,"type":"if","locations":[{"start":{"line":91,"column":8},"end":{"line":91,"column":8}},{"start":{"line":91,"column":8},"end":{"line":91,"column":8}}]},"7":{"line":108,"type":"if","locations":[{"start":{"line":108,"column":8},"end":{"line":108,"column":8}},{"start":{"line":108,"column":8},"end":{"line":108,"column":8}}]},"8":{"line":112,"type":"if","locations":[{"start":{"line":112,"column":8},"end":{"line":112,"column":8}},{"start":{"line":112,"column":8},"end":{"line":112,"column":8}}]},"9":{"line":116,"type":"if","locations":[{"start":{"line":116,"column":8},"end":{"line":116,"column":8}},{"start":{"line":116,"column":8},"end":{"line":116,"column":8}}]}}},"/Users/mohkhan/Util/gip/react/src/components/ErrorMsgWithRetry.js":{"path":"/Users/mohkhan/Util/gip/react/src/components/ErrorMsgWithRetry.js","s":{"1":11,"2":11,"3":11,"4":7,"5":7,"6":7,"7":7,"8":1,"9":7,"10":11},"b":{"1":[7,0]},"f":{"1":11,"2":0,"3":7,"4":1},"fnMap":{"1":{"name":"getDefaultProps","line":27,"loc":{"start":{"line":27,"column":21},"end":{"line":27,"column":48}}},"2":{"name":"onRetryClicked","line":31,"loc":{"start":{"line":31,"column":28},"end":{"line":31,"column":54}}},"3":{"name":"render","line":34,"loc":{"start":{"line":34,"column":12},"end":{"line":34,"column":30}}},"4":{"name":"(anonymous_4)","line":42,"loc":{"start":{"line":42,"column":27},"end":{"line":42,"column":44}}}},"statementMap":{"1":{"start":{"line":14,"column":0},"end":{"line":14,"column":29}},"2":{"start":{"line":19,"column":0},"end":{"line":61,"column":3}},"3":{"start":{"line":28,"column":8},"end":{"line":32,"column":10}},"4":{"start":{"line":35,"column":8},"end":{"line":35,"column":24}},"5":{"start":{"line":37,"column":8},"end":{"line":37,"column":24}},"6":{"start":{"line":39,"column":8},"end":{"line":47,"column":9}},"7":{"start":{"line":40,"column":12},"end":{"line":46,"column":14}},"8":{"start":{"line":43,"column":24},"end":{"line":43,"column":57}},"9":{"start":{"line":49,"column":8},"end":{"line":59,"column":10}},"10":{"start":{"line":63,"column":0},"end":{"line":63,"column":35}}},"branchMap":{"1":{"line":39,"type":"if","locations":[{"start":{"line":39,"column":8},"end":{"line":39,"column":8}},{"start":{"line":39,"column":8},"end":{"line":39,"column":8}}]}}},"/Users/mohkhan/Util/gip/react/src/components/CommentsTable.js":{"path":"/Users/mohkhan/Util/gip/react/src/components/CommentsTable.js","s":{"1":6,"2":6,"3":6,"4":2,"5":2,"6":2,"7":2,"8":0,"9":6},"b":{"1":[2,0]},"f":{"1":2,"2":2,"3":2},"fnMap":{"1":{"name":"_renderCommentRows","line":33,"loc":{"start":{"line":33,"column":24},"end":{"line":33,"column":54}}},"2":{"name":"(anonymous_2)","line":34,"loc":{"start":{"line":34,"column":39},"end":{"line":34,"column":61}}},"3":{"name":"render","line":38,"loc":{"start":{"line":38,"column":12},"end":{"line":38,"column":30}}}},"statementMap":{"1":{"start":{"line":14,"column":0},"end":{"line":14,"column":29}},"2":{"start":{"line":17,"column":0},"end":{"line":17,"column":43}},"3":{"start":{"line":22,"column":0},"end":{"line":59,"column":3}},"4":{"start":{"line":34,"column":8},"end":{"line":36,"column":11}},"5":{"start":{"line":35,"column":12},"end":{"line":35,"column":82}},"6":{"start":{"line":39,"column":8},"end":{"line":57,"column":9}},"7":{"start":{"line":40,"column":12},"end":{"line":54,"column":14}},"8":{"start":{"line":56,"column":12},"end":{"line":56,"column":53}},"9":{"start":{"line":61,"column":0},"end":{"line":61,"column":31}}},"branchMap":{"1":{"line":39,"type":"if","locations":[{"start":{"line":39,"column":8},"end":{"line":39,"column":8}},{"start":{"line":39,"column":8},"end":{"line":39,"column":8}}]}}},"/Users/mohkhan/Util/gip/react/src/components/LoadingIndicator.js":{"path":"/Users/mohkhan/Util/gip/react/src/components/LoadingIndicator.js","s":{"1":11,"2":11,"3":11,"4":10,"5":10},"b":{"1":[7,3]},"f":{"1":11,"2":10},"fnMap":{"1":{"name":"getDefaultProps","line":28,"loc":{"start":{"line":28,"column":21},"end":{"line":28,"column":48}}},"2":{"name":"render","line":34,"loc":{"start":{"line":34,"column":12},"end":{"line":34,"column":30}}}},"statementMap":{"1":{"start":{"line":13,"column":0},"end":{"line":13,"column":29}},"2":{"start":{"line":18,"column":0},"end":{"line":42,"column":3}},"3":{"start":{"line":29,"column":8},"end":{"line":31,"column":10}},"4":{"start":{"line":35,"column":8},"end":{"line":35,"column":83}},"5":{"start":{"line":36,"column":8},"end":{"line":40,"column":10}}},"branchMap":{"1":{"line":35,"type":"cond-expr","locations":[{"start":{"line":35,"column":47},"end":{"line":35,"column":60}},{"start":{"line":35,"column":63},"end":{"line":35,"column":82}}]}}},"/Users/mohkhan/Util/gip/react/src/components/IssueDetail.js":{"path":"/Users/mohkhan/Util/gip/react/src/components/IssueDetail.js","s":{"1":3,"2":3,"3":3,"4":3,"5":3,"6":3,"7":3,"8":3,"9":3,"10":3,"11":5,"12":5,"13":5,"14":5,"15":5,"16":2,"17":2,"18":1,"19":1,"20":1,"21":0,"22":0,"23":1,"24":1,"25":2,"26":3,"27":2,"28":0,"29":2,"30":0,"31":0,"32":0,"33":2,"34":5,"35":5,"36":5,"37":5,"38":3,"39":5,"40":2,"41":5,"42":2,"43":2,"44":2,"45":2,"46":2,"47":5,"48":3},"b":{"1":[1,1],"2":[0,1],"3":[1,1],"4":[0,2],"5":[2,2],"6":[3,2],"7":[2,3],"8":[2,3],"9":[0,2]},"f":{"1":3,"2":5,"3":2,"4":3,"5":2,"6":0,"7":2,"8":0,"9":5},"fnMap":{"1":{"name":"getInitialState","line":34,"loc":{"start":{"line":34,"column":21},"end":{"line":34,"column":48}}},"2":{"name":"_fetchIssue","line":47,"loc":{"start":{"line":47,"column":17},"end":{"line":47,"column":40}}},"3":{"name":"(anonymous_3)","line":54,"loc":{"start":{"line":54,"column":44},"end":{"line":54,"column":68}}},"4":{"name":"componentWillMount","line":76,"loc":{"start":{"line":76,"column":24},"end":{"line":76,"column":54}}},"5":{"name":"componentWillReceiveProps","line":80,"loc":{"start":{"line":80,"column":31},"end":{"line":80,"column":68}}},"6":{"name":"onRetryClicked","line":84,"loc":{"start":{"line":84,"column":20},"end":{"line":84,"column":46}}},"7":{"name":"_renderLabels","line":95,"loc":{"start":{"line":95,"column":19},"end":{"line":95,"column":49}}},"8":{"name":"(anonymous_8)","line":98,"loc":{"start":{"line":98,"column":36},"end":{"line":98,"column":56}}},"9":{"name":"render","line":122,"loc":{"start":{"line":122,"column":12},"end":{"line":122,"column":30}}}},"statementMap":{"1":{"start":{"line":14,"column":0},"end":{"line":14,"column":29}},"2":{"start":{"line":15,"column":0},"end":{"line":15,"column":31}},"3":{"start":{"line":18,"column":0},"end":{"line":18,"column":28}},"4":{"start":{"line":19,"column":0},"end":{"line":19,"column":45}},"5":{"start":{"line":20,"column":0},"end":{"line":20,"column":47}},"6":{"start":{"line":21,"column":0},"end":{"line":21,"column":37}},"7":{"start":{"line":22,"column":0},"end":{"line":22,"column":53}},"8":{"start":{"line":23,"column":0},"end":{"line":23,"column":55}},"9":{"start":{"line":28,"column":0},"end":{"line":241,"column":3}},"10":{"start":{"line":35,"column":8},"end":{"line":39,"column":10}},"11":{"start":{"line":48,"column":8},"end":{"line":48,"column":24}},"12":{"start":{"line":49,"column":8},"end":{"line":49,"column":73}},"13":{"start":{"line":50,"column":8},"end":{"line":50,"column":31}},"14":{"start":{"line":52,"column":8},"end":{"line":52,"column":29}},"15":{"start":{"line":54,"column":8},"end":{"line":70,"column":11}},"16":{"start":{"line":55,"column":12},"end":{"line":55,"column":34}},"17":{"start":{"line":57,"column":12},"end":{"line":66,"column":13}},"18":{"start":{"line":58,"column":16},"end":{"line":58,"column":44}},"19":{"start":{"line":59,"column":16},"end":{"line":59,"column":35}},"20":{"start":{"line":60,"column":19},"end":{"line":66,"column":13}},"21":{"start":{"line":61,"column":16},"end":{"line":61,"column":54}},"22":{"start":{"line":62,"column":16},"end":{"line":62,"column":35}},"23":{"start":{"line":64,"column":16},"end":{"line":64,"column":35}},"24":{"start":{"line":65,"column":16},"end":{"line":65,"column":36}},"25":{"start":{"line":69,"column":12},"end":{"line":69,"column":33}},"26":{"start":{"line":77,"column":8},"end":{"line":77,"column":27}},"27":{"start":{"line":81,"column":8},"end":{"line":81,"column":27}},"28":{"start":{"line":85,"column":8},"end":{"line":85,"column":27}},"29":{"start":{"line":96,"column":8},"end":{"line":116,"column":9}},"30":{"start":{"line":98,"column":12},"end":{"line":113,"column":15}},"31":{"start":{"line":99,"column":16},"end":{"line":103,"column":18}},"32":{"start":{"line":104,"column":16},"end":{"line":112,"column":18}},"33":{"start":{"line":115,"column":12},"end":{"line":115,"column":53}},"34":{"start":{"line":123,"column":8},"end":{"line":123,"column":24}},"35":{"start":{"line":124,"column":8},"end":{"line":124,"column":37}},"36":{"start":{"line":126,"column":8},"end":{"line":131,"column":31}},"37":{"start":{"line":133,"column":8},"end":{"line":135,"column":9}},"38":{"start":{"line":134,"column":12},"end":{"line":134,"column":85}},"39":{"start":{"line":137,"column":8},"end":{"line":139,"column":9}},"40":{"start":{"line":138,"column":12},"end":{"line":138,"column":130}},"41":{"start":{"line":141,"column":8},"end":{"line":215,"column":9}},"42":{"start":{"line":143,"column":12},"end":{"line":143,"column":100}},"43":{"start":{"line":145,"column":12},"end":{"line":158,"column":14}},"44":{"start":{"line":160,"column":12},"end":{"line":202,"column":14}},"45":{"start":{"line":204,"column":12},"end":{"line":208,"column":14}},"46":{"start":{"line":210,"column":12},"end":{"line":214,"column":14}},"47":{"start":{"line":217,"column":8},"end":{"line":239,"column":10}},"48":{"start":{"line":243,"column":0},"end":{"line":243,"column":29}}},"branchMap":{"1":{"line":57,"type":"if","locations":[{"start":{"line":57,"column":12},"end":{"line":57,"column":12}},{"start":{"line":57,"column":12},"end":{"line":57,"column":12}}]},"2":{"line":60,"type":"if","locations":[{"start":{"line":60,"column":19},"end":{"line":60,"column":19}},{"start":{"line":60,"column":19},"end":{"line":60,"column":19}}]},"3":{"line":60,"type":"binary-expr","locations":[{"start":{"line":60,"column":23},"end":{"line":60,"column":29}},{"start":{"line":60,"column":33},"end":{"line":60,"column":64}}]},"4":{"line":96,"type":"if","locations":[{"start":{"line":96,"column":8},"end":{"line":96,"column":8}},{"start":{"line":96,"column":8},"end":{"line":96,"column":8}}]},"5":{"line":96,"type":"binary-expr","locations":[{"start":{"line":96,"column":12},"end":{"line":96,"column":24}},{"start":{"line":96,"column":28},"end":{"line":96,"column":51}}]},"6":{"line":133,"type":"if","locations":[{"start":{"line":133,"column":8},"end":{"line":133,"column":8}},{"start":{"line":133,"column":8},"end":{"line":133,"column":8}}]},"7":{"line":137,"type":"if","locations":[{"start":{"line":137,"column":8},"end":{"line":137,"column":8}},{"start":{"line":137,"column":8},"end":{"line":137,"column":8}}]},"8":{"line":141,"type":"if","locations":[{"start":{"line":141,"column":8},"end":{"line":141,"column":8}},{"start":{"line":141,"column":8},"end":{"line":141,"column":8}}]},"9":{"line":143,"type":"cond-expr","locations":[{"start":{"line":143,"column":81},"end":{"line":143,"column":89}},{"start":{"line":143,"column":92},"end":{"line":143,"column":99}}]}}},"/Users/mohkhan/Util/gip/react/src/components/Issues.js":{"path":"/Users/mohkhan/Util/gip/react/src/components/Issues.js","s":{"1":5,"2":5,"3":5,"4":5,"5":5,"6":5,"7":5,"8":5,"9":5,"10":5,"11":5,"12":5,"13":10,"14":10,"15":10,"16":10,"17":10,"18":5,"19":5,"20":1,"21":1,"22":4,"23":1,"24":1,"25":3,"26":5,"27":9,"28":9,"29":9,"30":9,"31":9,"32":4,"33":5,"34":1,"35":1,"36":1,"37":1,"38":1,"39":1,"40":1,"41":1,"42":1,"43":1,"44":9,"45":9,"46":9,"47":9,"48":9,"49":4,"50":5,"51":3,"52":9,"53":4,"54":9,"55":5},"b":{"1":[1,4],"2":[1,3],"3":[4,4],"4":[9,0],"5":[9,9],"6":[1,0],"7":[4,5],"8":[3,2],"9":[4,5]},"f":{"1":5,"2":10,"3":5,"4":9,"5":4,"6":5,"7":1,"8":1,"9":1,"10":9},"fnMap":{"1":{"name":"getInitialState","line":37,"loc":{"start":{"line":37,"column":21},"end":{"line":37,"column":48}}},"2":{"name":"_fetchGitIssuesForPage","line":55,"loc":{"start":{"line":55,"column":28},"end":{"line":55,"column":72}}},"3":{"name":"(anonymous_3)","line":63,"loc":{"start":{"line":63,"column":47},"end":{"line":63,"column":72}}},"4":{"name":"_fetchIssues","line":81,"loc":{"start":{"line":81,"column":18},"end":{"line":81,"column":42}}},"5":{"name":"componentWillReceiveProps","line":94,"loc":{"start":{"line":94,"column":31},"end":{"line":94,"column":77}}},"6":{"name":"componentWillMount","line":97,"loc":{"start":{"line":97,"column":24},"end":{"line":97,"column":54}}},"7":{"name":"onRetryClicked","line":105,"loc":{"start":{"line":105,"column":20},"end":{"line":105,"column":51}}},"8":{"name":"handlePageSelected","line":114,"loc":{"start":{"line":114,"column":24},"end":{"line":114,"column":66}}},"9":{"name":"(anonymous_9)","line":121,"loc":{"start":{"line":121,"column":49},"end":{"line":121,"column":65}}},"10":{"name":"render","line":131,"loc":{"start":{"line":131,"column":12},"end":{"line":131,"column":30}}}},"statementMap":{"1":{"start":{"line":14,"column":0},"end":{"line":14,"column":36}},"2":{"start":{"line":15,"column":0},"end":{"line":15,"column":37}},"3":{"start":{"line":16,"column":0},"end":{"line":16,"column":23}},"4":{"start":{"line":17,"column":0},"end":{"line":17,"column":35}},"5":{"start":{"line":20,"column":0},"end":{"line":20,"column":55}},"6":{"start":{"line":21,"column":0},"end":{"line":21,"column":43}},"7":{"start":{"line":22,"column":0},"end":{"line":22,"column":28}},"8":{"start":{"line":23,"column":0},"end":{"line":23,"column":40}},"9":{"start":{"line":24,"column":0},"end":{"line":24,"column":39}},"10":{"start":{"line":25,"column":0},"end":{"line":25,"column":53}},"11":{"start":{"line":30,"column":0},"end":{"line":188,"column":3}},"12":{"start":{"line":38,"column":8},"end":{"line":43,"column":10}},"13":{"start":{"line":56,"column":8},"end":{"line":56,"column":24}},"14":{"start":{"line":57,"column":8},"end":{"line":57,"column":31}},"15":{"start":{"line":60,"column":8},"end":{"line":60,"column":38}},"16":{"start":{"line":61,"column":8},"end":{"line":61,"column":29}},"17":{"start":{"line":63,"column":8},"end":{"line":78,"column":11}},"18":{"start":{"line":64,"column":12},"end":{"line":64,"column":34}},"19":{"start":{"line":66,"column":12},"end":{"line":74,"column":13}},"20":{"start":{"line":67,"column":16},"end":{"line":67,"column":44}},"21":{"start":{"line":68,"column":16},"end":{"line":68,"column":34}},"22":{"start":{"line":69,"column":19},"end":{"line":74,"column":13}},"23":{"start":{"line":70,"column":16},"end":{"line":70,"column":53}},"24":{"start":{"line":71,"column":16},"end":{"line":71,"column":34}},"25":{"start":{"line":73,"column":16},"end":{"line":73,"column":38}},"26":{"start":{"line":77,"column":12},"end":{"line":77,"column":33}},"27":{"start":{"line":82,"column":8},"end":{"line":82,"column":64}},"28":{"start":{"line":83,"column":8},"end":{"line":83,"column":27}},"29":{"start":{"line":84,"column":8},"end":{"line":86,"column":9}},"30":{"start":{"line":85,"column":12},"end":{"line":85,"column":52}},"31":{"start":{"line":88,"column":8},"end":{"line":88,"column":48}},"32":{"start":{"line":95,"column":8},"end":{"line":95,"column":28}},"33":{"start":{"line":98,"column":8},"end":{"line":98,"column":28}},"34":{"start":{"line":106,"column":8},"end":{"line":106,"column":59}},"35":{"start":{"line":107,"column":8},"end":{"line":107,"column":31}},"36":{"start":{"line":115,"column":8},"end":{"line":115,"column":63}},"37":{"start":{"line":116,"column":8},"end":{"line":118,"column":9}},"38":{"start":{"line":117,"column":12},"end":{"line":117,"column":74}},"39":{"start":{"line":119,"column":8},"end":{"line":119,"column":58}},"40":{"start":{"line":120,"column":8},"end":{"line":120,"column":34}},"41":{"start":{"line":121,"column":8},"end":{"line":123,"column":21}},"42":{"start":{"line":122,"column":12},"end":{"line":122,"column":44}},"43":{"start":{"line":125,"column":8},"end":{"line":125,"column":66}},"44":{"start":{"line":132,"column":8},"end":{"line":132,"column":24}},"45":{"start":{"line":134,"column":8},"end":{"line":134,"column":28}},"46":{"start":{"line":135,"column":8},"end":{"line":135,"column":26}},"47":{"start":{"line":136,"column":8},"end":{"line":136,"column":29}},"48":{"start":{"line":138,"column":8},"end":{"line":142,"column":9}},"49":{"start":{"line":139,"column":12},"end":{"line":139,"column":85}},"50":{"start":{"line":140,"column":15},"end":{"line":142,"column":9}},"51":{"start":{"line":141,"column":12},"end":{"line":141,"column":130}},"52":{"start":{"line":144,"column":8},"end":{"line":146,"column":9}},"53":{"start":{"line":145,"column":12},"end":{"line":145,"column":90}},"54":{"start":{"line":148,"column":8},"end":{"line":186,"column":10}},"55":{"start":{"line":190,"column":0},"end":{"line":190,"column":24}}},"branchMap":{"1":{"line":66,"type":"if","locations":[{"start":{"line":66,"column":12},"end":{"line":66,"column":12}},{"start":{"line":66,"column":12},"end":{"line":66,"column":12}}]},"2":{"line":69,"type":"if","locations":[{"start":{"line":69,"column":19},"end":{"line":69,"column":19}},{"start":{"line":69,"column":19},"end":{"line":69,"column":19}}]},"3":{"line":69,"type":"binary-expr","locations":[{"start":{"line":69,"column":23},"end":{"line":69,"column":30}},{"start":{"line":69,"column":34},"end":{"line":69,"column":53}}]},"4":{"line":84,"type":"if","locations":[{"start":{"line":84,"column":8},"end":{"line":84,"column":8}},{"start":{"line":84,"column":8},"end":{"line":84,"column":8}}]},"5":{"line":84,"type":"binary-expr","locations":[{"start":{"line":84,"column":12},"end":{"line":84,"column":23}},{"start":{"line":84,"column":27},"end":{"line":84,"column":51}}]},"6":{"line":116,"type":"if","locations":[{"start":{"line":116,"column":8},"end":{"line":116,"column":8}},{"start":{"line":116,"column":8},"end":{"line":116,"column":8}}]},"7":{"line":138,"type":"if","locations":[{"start":{"line":138,"column":8},"end":{"line":138,"column":8}},{"start":{"line":138,"column":8},"end":{"line":138,"column":8}}]},"8":{"line":140,"type":"if","locations":[{"start":{"line":140,"column":15},"end":{"line":140,"column":15}},{"start":{"line":140,"column":15},"end":{"line":140,"column":15}}]},"9":{"line":144,"type":"if","locations":[{"start":{"line":144,"column":8},"end":{"line":144,"column":8}},{"start":{"line":144,"column":8},"end":{"line":144,"column":8}}]}}},"/Users/mohkhan/Util/gip/react/src/components/IssuesTable.js":{"path":"/Users/mohkhan/Util/gip/react/src/components/IssuesTable.js","s":{"1":5,"2":5,"3":5,"4":4,"5":8,"6":4,"7":4,"8":5},"b":{},"f":{"1":4,"2":8,"3":4},"fnMap":{"1":{"name":"_renderIssueRows","line":37,"loc":{"start":{"line":37,"column":22},"end":{"line":37,"column":50}}},"2":{"name":"(anonymous_2)","line":38,"loc":{"start":{"line":38,"column":37},"end":{"line":38,"column":57}}},"3":{"name":"render","line":53,"loc":{"start":{"line":53,"column":12},"end":{"line":53,"column":30}}}},"statementMap":{"1":{"start":{"line":14,"column":0},"end":{"line":14,"column":29}},"2":{"start":{"line":17,"column":0},"end":{"line":17,"column":39}},"3":{"start":{"line":22,"column":0},"end":{"line":83,"column":3}},"4":{"start":{"line":38,"column":8},"end":{"line":48,"column":11}},"5":{"start":{"line":39,"column":12},"end":{"line":47,"column":14}},"6":{"start":{"line":54,"column":8},"end":{"line":54,"column":24}},"7":{"start":{"line":56,"column":8},"end":{"line":81,"column":10}},"8":{"start":{"line":85,"column":0},"end":{"line":85,"column":29}}},"branchMap":{}},"/Users/mohkhan/Util/gip/react/src/components/IssueCell.js":{"path":"/Users/mohkhan/Util/gip/react/src/components/IssueCell.js","s":{"1":5,"2":5,"3":5,"4":5,"5":5,"6":5,"7":8,"8":0,"9":0,"10":8,"11":8,"12":8,"13":5},"b":{"1":[0,8]},"f":{"1":8,"2":0,"3":8},"fnMap":{"1":{"name":"_renderLabels","line":36,"loc":{"start":{"line":36,"column":19},"end":{"line":36,"column":44}}},"2":{"name":"(anonymous_2)","line":37,"loc":{"start":{"line":37,"column":43},"end":{"line":37,"column":63}}},"3":{"name":"render","line":53,"loc":{"start":{"line":53,"column":12},"end":{"line":53,"column":30}}}},"statementMap":{"1":{"start":{"line":14,"column":0},"end":{"line":14,"column":29}},"2":{"start":{"line":15,"column":0},"end":{"line":15,"column":37}},"3":{"start":{"line":16,"column":0},"end":{"line":16,"column":23}},"4":{"start":{"line":19,"column":0},"end":{"line":19,"column":45}},"5":{"start":{"line":20,"column":0},"end":{"line":20,"column":37}},"6":{"start":{"line":25,"column":0},"end":{"line":113,"column":3}},"7":{"start":{"line":37,"column":8},"end":{"line":51,"column":11}},"8":{"start":{"line":38,"column":12},"end":{"line":41,"column":14}},"9":{"start":{"line":42,"column":12},"end":{"line":50,"column":14}},"10":{"start":{"line":54,"column":8},"end":{"line":54,"column":107}},"11":{"start":{"line":55,"column":8},"end":{"line":55,"column":24}},"12":{"start":{"line":56,"column":8},"end":{"line":111,"column":10}},"13":{"start":{"line":115,"column":0},"end":{"line":115,"column":27}}},"branchMap":{"1":{"line":54,"type":"cond-expr","locations":[{"start":{"line":54,"column":88},"end":{"line":54,"column":96}},{"start":{"line":54,"column":99},"end":{"line":54,"column":106}}]}}},"/Users/mohkhan/Util/gip/react/src/components/Paginator.js":{"path":"/Users/mohkhan/Util/gip/react/src/components/Paginator.js","s":{"1":5,"2":5,"3":5,"4":5,"5":5,"6":1,"7":1,"8":1,"9":10,"10":5},"b":{"1":[1,0]},"f":{"1":5,"2":5,"3":0,"4":1,"5":10},"fnMap":{"1":{"name":"getInitialState","line":38,"loc":{"start":{"line":38,"column":21},"end":{"line":38,"column":48}}},"2":{"name":"getDefaultProps","line":43,"loc":{"start":{"line":43,"column":21},"end":{"line":43,"column":48}}},"3":{"name":"onPageSelected","line":48,"loc":{"start":{"line":48,"column":28},"end":{"line":48,"column":54}}},"4":{"name":"handleSelect","line":55,"loc":{"start":{"line":55,"column":18},"end":{"line":55,"column":62}}},"5":{"name":"render","line":64,"loc":{"start":{"line":64,"column":12},"end":{"line":64,"column":30}}}},"statementMap":{"1":{"start":{"line":14,"column":0},"end":{"line":14,"column":29}},"2":{"start":{"line":15,"column":0},"end":{"line":15,"column":55}},"3":{"start":{"line":20,"column":0},"end":{"line":76,"column":3}},"4":{"start":{"line":39,"column":8},"end":{"line":41,"column":10}},"5":{"start":{"line":44,"column":8},"end":{"line":49,"column":10}},"6":{"start":{"line":56,"column":8},"end":{"line":58,"column":9}},"7":{"start":{"line":57,"column":12},"end":{"line":57,"column":62}},"8":{"start":{"line":60,"column":8},"end":{"line":62,"column":11}},"9":{"start":{"line":65,"column":8},"end":{"line":74,"column":43}},"10":{"start":{"line":78,"column":0},"end":{"line":78,"column":27}}},"branchMap":{"1":{"line":56,"type":"if","locations":[{"start":{"line":56,"column":8},"end":{"line":56,"column":8}},{"start":{"line":56,"column":8},"end":{"line":56,"column":8}}]}}}}