TN:
SF:/Users/mohkhan/Util/gip/react/src/models/ModelObject.js
FN:27,getModelOfClassFromJSON
FNF:1
FNH:1
FNDA:56,getModelOfClassFromJSON
DA:14,9
DA:19,9
DA:31,56
DA:34,55
DA:36,55
DA:39,55
DA:40,2
DA:43,53
DA:45,52
DA:47,52
DA:48,260
DA:50,260
DA:52,260
DA:53,260
DA:56,260
DA:57,112
DA:59,148
DA:64,52
DA:68,9
LF:19
LH:19
BRDA:34,1,0,55
BRDA:34,1,1,0
BRDA:39,2,0,2
BRDA:39,2,1,53
BRDA:39,3,0,55
BRDA:39,3,1,53
BRDA:45,4,0,52
BRDA:45,4,1,0
BRDA:48,5,0,260
BRDA:48,5,1,0
BRDA:56,6,0,112
BRDA:56,6,1,148
BRDA:56,7,0,260
BRDA:56,7,1,112
BRF:14
BRH:11
end_of_record
TN:
SF:/Users/mohkhan/Util/gip/react/src/utils.js
FN:14,assert
FN:15,(anonymous_2)
FN:27,extend
FN:41,trimStr
FNF:4
FNH:3
FNDA:109,assert
FNDA:0,(anonymous_2)
FNDA:28,extend
FNDA:9,trimStr
DA:13,9
DA:15,109
DA:17,109
DA:18,2
DA:20,2
DA:23,0
DA:29,28
DA:30,0
DA:33,28
DA:34,85
DA:35,85
DA:39,28
DA:42,9
DA:43,9
LF:14
LH:12
BRDA:15,1,0,109
BRDA:15,1,1,0
BRDA:17,2,0,2
BRDA:17,2,1,107
BRDA:18,3,0,2
BRDA:18,3,1,0
BRDA:29,4,0,0
BRDA:29,4,1,28
BRDA:34,5,0,85
BRDA:34,5,1,0
BRDA:42,6,0,9
BRDA:42,6,1,0
BRDA:43,7,0,9
BRDA:43,7,1,0
BRF:14
BRH:8
end_of_record
TN:
SF:/Users/mohkhan/Util/gip/react/src/models/GitIssueComment.js
FN:24,GitIssueComment
FN:34,JSONKeyValueMap
FN:46,idTransformer
FN:51,userTransformer
FN:56,createdAtTransformer
FN:65,toString
FNF:6
FNH:5
FNDA:4,GitIssueComment
FNDA:4,JSONKeyValueMap
FNDA:4,idTransformer
FNDA:4,userTransformer
FNDA:4,createdAtTransformer
FNDA:0,toString
DA:14,1
DA:17,1
DA:18,1
DA:19,1
DA:24,1
DA:29,1
DA:35,4
DA:47,4
DA:52,4
DA:57,4
DA:64,1
DA:66,0
DA:75,1
LF:13
LH:12
BRF:0
BRH:0
end_of_record
TN:
SF:/Users/mohkhan/Util/gip/react/src/models/GitUser.js
FN:19,GitUser
FN:29,JSONKeyValueMap
FN:42,toString
FNF:3
FNH:2
FNDA:24,GitUser
FNDA:24,JSONKeyValueMap
FNDA:0,toString
DA:14,9
DA:19,9
DA:24,9
DA:30,24
DA:41,9
DA:43,0
DA:51,9
LF:7
LH:6
BRF:0
BRH:0
end_of_record
TN:
SF:/Users/mohkhan/Util/gip/react/src/models/GitIssue.js
FN:34,GitIssue
FN:47,JSONKeyValueMap
FN:68,numberTransformer
FN:73,userTransformer
FN:78,labelsTransformer
FN:82,(anonymous_6)
FN:91,stateTransformer
FN:96,createdAtTransformer
FN:105,toString
FN:125,getShortSummary
FN:156,formatCreatedAtDateAs
FNF:11
FNH:9
FNDA:20,GitIssue
FNDA:20,JSONKeyValueMap
FNDA:20,numberTransformer
FNDA:20,userTransformer
FNDA:20,labelsTransformer
FNDA:4,(anonymous_6)
FNDA:20,stateTransformer
FNDA:20,createdAtTransformer
FNDA:0,toString
FNDA:9,getShortSummary
FNDA:0,formatCreatedAtDateAs
DA:14,9
DA:17,9
DA:18,9
DA:19,9
DA:20,9
DA:23,9
DA:26,9
DA:34,9
DA:39,9
DA:48,20
DA:69,20
DA:74,20
DA:79,20
DA:80,20
DA:82,4
DA:83,4
DA:87,20
DA:92,20
DA:97,20
DA:104,9
DA:106,0
DA:127,9
DA:128,0
DA:131,9
DA:132,0
DA:134,9
DA:135,9
DA:136,9
DA:138,198
DA:140,0
DA:141,0
DA:144,198
DA:147,9
DA:157,0
DA:161,9
LF:35
LH:29
BRDA:80,1,0,4
BRDA:80,1,1,16
BRDA:80,2,0,20
BRDA:80,2,1,20
BRDA:80,2,2,20
BRDA:92,3,0,20
BRDA:92,3,1,0
BRDA:127,4,0,0
BRDA:127,4,1,9
BRDA:131,5,0,0
BRDA:131,5,1,9
BRDA:136,6,0,207
BRDA:136,6,1,198
BRDA:136,6,2,198
BRDA:136,6,3,198
BRDA:138,7,0,0
BRDA:138,7,1,198
BRF:17
BRH:13
end_of_record
TN:
SF:/Users/mohkhan/Util/gip/react/src/models/GitLabel.js
FN:19,GitLabel
FN:29,JSONKeyValueMap
FN:42,toString
FNF:3
FNH:2
FNDA:4,GitLabel
FNDA:4,JSONKeyValueMap
FNDA:0,toString
DA:14,9
DA:19,9
DA:24,9
DA:30,4
DA:41,9
DA:43,0
DA:51,9
LF:7
LH:6
BRF:0
BRH:0
end_of_record
TN:
SF:/Users/mohkhan/Util/gip/react/src/components/CommentCell.js
FN:40,_convertUserNamesIntoGitHubLinks
FN:49,render
FNF:2
FNH:2
FNDA:4,_convertUserNamesIntoGitHubLinks
FNDA:4,render
DA:14,8
DA:17,8
DA:18,8
DA:23,8
DA:41,4
DA:42,0
DA:45,4
DA:46,4
DA:50,4
DA:52,4
DA:103,8
LF:11
LH:10
BRDA:41,1,0,0
BRDA:41,1,1,4
BRF:2
BRH:1
end_of_record
TN:
SF:/Users/mohkhan/Util/gip/react/src/components/HtmlNode.js
FN:37,render
FNF:1
FNH:1
FNDA:15,render
DA:14,14
DA:15,14
DA:22,14
DA:38,15
DA:39,15
DA:41,15
DA:56,14
LF:7
LH:7
BRF:0
BRH:0
end_of_record
TN:
SF:/Users/mohkhan/Util/gip/react/src/constants.js
FNF:0
FNH:0
DA:13,13
LF:1
LH:1
BRF:0
BRH:0
end_of_record
TN:
SF:/Users/mohkhan/Util/gip/react/src/components/IssueComments.js
FN:36,getInitialState
FN:50,_fetchComments
FN:55,(anonymous_3)
FN:78,componentWillMount
FN:84,componentWillReceiveProps
FN:90,onRetryClicked
FN:101,render
FNF:7
FNH:6
FNDA:3,getInitialState
FNDA:5,_fetchComments
FNDA:2,(anonymous_3)
FNDA:3,componentWillMount
FNDA:2,componentWillReceiveProps
FNDA:0,onRetryClicked
FNDA:5,render
DA:14,6
DA:15,6
DA:18,6
DA:19,6
DA:20,6
DA:21,6
DA:22,6
DA:27,6
DA:37,3
DA:51,5
DA:52,5
DA:53,5
DA:55,5
DA:57,2
DA:59,2
DA:60,1
DA:61,1
DA:62,1
DA:63,0
DA:64,0
DA:66,1
DA:67,1
DA:71,2
DA:79,3
DA:80,3
DA:85,2
DA:86,2
DA:87,2
DA:91,0
DA:92,0
DA:95,0
DA:103,5
DA:104,5
DA:105,5
DA:106,5
DA:108,5
DA:109,3
DA:112,5
DA:113,2
DA:116,5
DA:117,2
DA:120,5
DA:134,6
LF:43
LH:38
BRDA:59,1,0,1
BRDA:59,1,1,1
BRDA:62,2,0,0
BRDA:62,2,1,1
BRDA:62,3,0,1
BRDA:62,3,1,1
BRDA:79,4,0,3
BRDA:79,4,1,0
BRDA:86,5,0,2
BRDA:86,5,1,0
BRDA:91,6,0,0
BRDA:91,6,1,0
BRDA:108,7,0,3
BRDA:108,7,1,2
BRDA:112,8,0,2
BRDA:112,8,1,3
BRDA:116,9,0,2
BRDA:116,9,1,3
BRF:18
BRH:13
end_of_record
TN:
SF:/Users/mohkhan/Util/gip/react/src/components/ErrorMsgWithRetry.js
FN:27,getDefaultProps
FN:31,onRetryClicked
FN:34,render
FN:42,(anonymous_4)
FNF:4
FNH:3
FNDA:11,getDefaultProps
FNDA:0,onRetryClicked
FNDA:7,render
FNDA:1,(anonymous_4)
DA:14,11
DA:19,11
DA:28,11
DA:35,7
DA:37,7
DA:39,7
DA:40,7
DA:43,1
DA:49,7
DA:63,11
LF:10
LH:10
BRDA:39,1,0,7
BRDA:39,1,1,0
BRF:2
BRH:1
end_of_record
TN:
SF:/Users/mohkhan/Util/gip/react/src/components/CommentsTable.js
FN:33,_renderCommentRows
FN:34,(anonymous_2)
FN:38,render
FNF:3
FNH:3
FNDA:2,_renderCommentRows
FNDA:2,(anonymous_2)
FNDA:2,render
DA:14,6
DA:17,6
DA:22,6
DA:34,2
DA:35,2
DA:39,2
DA:40,2
DA:56,0
DA:61,6
LF:9
LH:8
BRDA:39,1,0,2
BRDA:39,1,1,0
BRF:2
BRH:1
end_of_record
TN:
SF:/Users/mohkhan/Util/gip/react/src/components/LoadingIndicator.js
FN:28,getDefaultProps
FN:34,render
FNF:2
FNH:2
FNDA:11,getDefaultProps
FNDA:10,render
DA:13,11
DA:18,11
DA:29,11
DA:35,10
DA:36,10
LF:5
LH:5
BRDA:35,1,0,7
BRDA:35,1,1,3
BRF:2
BRH:2
end_of_record
TN:
SF:/Users/mohkhan/Util/gip/react/src/components/IssueDetail.js
FN:34,getInitialState
FN:47,_fetchIssue
FN:54,(anonymous_3)
FN:76,componentWillMount
FN:80,componentWillReceiveProps
FN:84,onRetryClicked
FN:95,_renderLabels
FN:98,(anonymous_8)
FN:122,render
FNF:9
FNH:7
FNDA:3,getInitialState
FNDA:5,_fetchIssue
FNDA:2,(anonymous_3)
FNDA:3,componentWillMount
FNDA:2,componentWillReceiveProps
FNDA:0,onRetryClicked
FNDA:2,_renderLabels
FNDA:0,(anonymous_8)
FNDA:5,render
DA:14,3
DA:15,3
DA:18,3
DA:19,3
DA:20,3
DA:21,3
DA:22,3
DA:23,3
DA:28,3
DA:35,3
DA:48,5
DA:49,5
DA:50,5
DA:52,5
DA:54,5
DA:55,2
DA:57,2
DA:58,1
DA:59,1
DA:60,1
DA:61,0
DA:62,0
DA:64,1
DA:65,1
DA:69,2
DA:77,3
DA:81,2
DA:85,0
DA:96,2
DA:98,0
DA:99,0
DA:104,0
DA:115,2
DA:123,5
DA:124,5
DA:126,5
DA:133,5
DA:134,3
DA:137,5
DA:138,2
DA:141,5
DA:143,2
DA:145,2
DA:160,2
DA:204,2
DA:210,2
DA:217,5
DA:243,3
LF:48
LH:42
BRDA:57,1,0,1
BRDA:57,1,1,1
BRDA:60,2,0,0
BRDA:60,2,1,1
BRDA:60,3,0,1
BRDA:60,3,1,1
BRDA:96,4,0,0
BRDA:96,4,1,2
BRDA:96,5,0,2
BRDA:96,5,1,2
BRDA:133,6,0,3
BRDA:133,6,1,2
BRDA:137,7,0,2
BRDA:137,7,1,3
BRDA:141,8,0,2
BRDA:141,8,1,3
BRDA:143,9,0,0
BRDA:143,9,1,2
BRF:18
BRH:15
end_of_record
TN:
SF:/Users/mohkhan/Util/gip/react/src/components/Issues.js
FN:37,getInitialState
FN:55,_fetchGitIssuesForPage
FN:63,(anonymous_3)
FN:81,_fetchIssues
FN:94,componentWillReceiveProps
FN:97,componentWillMount
FN:105,onRetryClicked
FN:114,handlePageSelected
FN:121,(anonymous_9)
FN:131,render
FNF:10
FNH:10
FNDA:5,getInitialState
FNDA:10,_fetchGitIssuesForPage
FNDA:5,(anonymous_3)
FNDA:9,_fetchIssues
FNDA:4,componentWillReceiveProps
FNDA:5,componentWillMount
FNDA:1,onRetryClicked
FNDA:1,handlePageSelected
FNDA:1,(anonymous_9)
FNDA:9,render
DA:14,5
DA:15,5
DA:16,5
DA:17,5
DA:20,5
DA:21,5
DA:22,5
DA:23,5
DA:24,5
DA:25,5
DA:30,5
DA:38,5
DA:56,10
DA:57,10
DA:60,10
DA:61,10
DA:63,10
DA:64,5
DA:66,5
DA:67,1
DA:68,1
DA:69,4
DA:70,1
DA:71,1
DA:73,3
DA:77,5
DA:82,9
DA:83,9
DA:84,9
DA:85,9
DA:88,9
DA:95,4
DA:98,5
DA:106,1
DA:107,1
DA:115,1
DA:116,1
DA:117,1
DA:119,1
DA:120,1
DA:121,1
DA:122,1
DA:125,1
DA:132,9
DA:134,9
DA:135,9
DA:136,9
DA:138,9
DA:139,4
DA:140,5
DA:141,3
DA:144,9
DA:145,4
DA:148,9
DA:190,5
LF:55
LH:55
BRDA:66,1,0,1
BRDA:66,1,1,4
BRDA:69,2,0,1
BRDA:69,2,1,3
BRDA:69,3,0,4
BRDA:69,3,1,4
BRDA:84,4,0,9
BRDA:84,4,1,0
BRDA:84,5,0,9
BRDA:84,5,1,9
BRDA:116,6,0,1
BRDA:116,6,1,0
BRDA:138,7,0,4
BRDA:138,7,1,5
BRDA:140,8,0,3
BRDA:140,8,1,2
BRDA:144,9,0,4
BRDA:144,9,1,5
BRF:18
BRH:16
end_of_record
TN:
SF:/Users/mohkhan/Util/gip/react/src/components/IssuesTable.js
FN:37,_renderIssueRows
FN:38,(anonymous_2)
FN:53,render
FNF:3
FNH:3
FNDA:4,_renderIssueRows
FNDA:8,(anonymous_2)
FNDA:4,render
DA:14,5
DA:17,5
DA:22,5
DA:38,4
DA:39,8
DA:54,4
DA:56,4
DA:85,5
LF:8
LH:8
BRF:0
BRH:0
end_of_record
TN:
SF:/Users/mohkhan/Util/gip/react/src/components/IssueCell.js
FN:36,_renderLabels
FN:37,(anonymous_2)
FN:53,render
FNF:3
FNH:2
FNDA:8,_renderLabels
FNDA:0,(anonymous_2)
FNDA:8,render
DA:14,5
DA:15,5
DA:16,5
DA:19,5
DA:20,5
DA:25,5
DA:37,8
DA:38,0
DA:42,0
DA:54,8
DA:55,8
DA:56,8
DA:115,5
LF:13
LH:11
BRDA:54,1,0,0
BRDA:54,1,1,8
BRF:2
BRH:1
end_of_record
TN:
SF:/Users/mohkhan/Util/gip/react/src/components/Paginator.js
FN:38,getInitialState
FN:43,getDefaultProps
FN:48,onPageSelected
FN:55,handleSelect
FN:64,render
FNF:5
FNH:4
FNDA:5,getInitialState
FNDA:5,getDefaultProps
FNDA:0,onPageSelected
FNDA:1,handleSelect
FNDA:10,render
DA:14,5
DA:15,5
DA:20,5
DA:39,5
DA:44,5
DA:56,1
DA:57,1
DA:60,1
DA:65,10
DA:78,5
LF:10
LH:10
BRDA:56,1,0,1
BRDA:56,1,1,0
BRF:2
BRH:1
end_of_record
